<?xml version="1.0" encoding="UTF-8"?>
<!-- Generated by org.testng.reporters.JUnitReportReporter -->
<testsuite hostname="GauriShankar" failures="0" tests="1" name="tests.Test_PATCH" time="4.088" errors="0" timestamp="2024-07-14T04:18:36 IST" skipped="0">
  <testcase classname="tests.Test_PATCH" name="Test_1" time="4.088"/>
</testsuite> <!-- tests.Test_PATCH -->
