<?xml version="1.0" encoding="UTF-8"?>
<!-- Generated by org.testng.reporters.JUnitReportReporter -->
<testsuite hostname="GauriShankar" failures="0" tests="1" name="tests.Test_PUT" time="4.136" errors="0" timestamp="2024-07-14T04:23:43 IST" skipped="0">
  <testcase classname="tests.Test_PUT" name="Test_1" time="4.136"/>
</testsuite> <!-- tests.Test_PUT -->
