<?xml version="1.0" encoding="UTF-8"?>
<!-- Generated by org.testng.reporters.JUnitReportReporter -->
<testsuite hostname="GauriShankar" failures="0" tests="4" name="api.Testcases.UserTestcases2" time="9.915" errors="0" timestamp="2024-08-12T22:31:44 IST" skipped="0">
  <testcase classname="api.Testcases.UserTestcases2" name="testCreateUser" time="4.143"/>
  <system-out/>
  <testcase classname="api.Testcases.UserTestcases2" name="testGetUser" time="1.442"/>
  <system-out/>
  <testcase classname="api.Testcases.UserTestcases2" name="testUpdateUser" time="3.038"/>
  <system-out/>
  <testcase classname="api.Testcases.UserTestcases2" name="testdeleteUser" time="1.292"/>
  <system-out/>
</testsuite> <!-- api.Testcases.UserTestcases2 -->
