<?xml version="1.0" encoding="UTF-8"?>
<!-- Generated by org.testng.reporters.JUnitReportReporter -->
<testsuite hostname="GauriShankar" failures="0" tests="1" name="restAPITestAutomation.GETRequest" time="3.955" errors="0" timestamp="2024-07-24T01:01:17 IST" skipped="0">
  <testcase classname="restAPITestAutomation.GETRequest" name="GetRequestAutomation" time="3.955"/>
  <system-out/>
</testsuite> <!-- restAPITestAutomation.GETRequest -->
