<?xml version="1.0" encoding="UTF-8"?>
<!-- Generated by org.testng.reporters.JUnitReportReporter -->
<testsuite hostname="GauriShankar" failures="0" tests="2" name="tests.APITestExamples" time="4.893" errors="0" timestamp="2024-07-14T03:11:15 IST" skipped="0">
  <testcase classname="tests.APITestExamples" name="test_1" time="3.536"/>
  <testcase classname="tests.APITestExamples" name="test_2" time="1.357"/>
</testsuite> <!-- tests.APITestExamples -->
