<?xml version="1.0" encoding="UTF-8"?>
<!-- Generated by org.testng.reporters.JUnitReportReporter -->
<testsuite hostname="GauriShankar" failures="0" tests="1" name="restAPITestAutomation.POSTAPIRequest" time="3.663" errors="0" timestamp="2024-07-24T02:16:18 IST" skipped="0">
  <testcase classname="restAPITestAutomation.POSTAPIRequest" name="POSTAPIRequestAutomation" time="3.663"/>
  <system-out/>
</testsuite> <!-- restAPITestAutomation.POSTAPIRequest -->
