<?xml version="1.0" encoding="UTF-8"?>
<!-- Generated by org.testng.reporters.JUnitReportReporter -->
<testsuite hostname="GauriShankar" failures="0" tests="4" name="api.Testcases.UserTestcases" time="9.811" errors="0" timestamp="2024-08-12T17:10:12 IST" skipped="0">
  <testcase classname="api.Testcases.UserTestcases" name="testCreateUser" time="4.380"/>
  <system-out/>
  <testcase classname="api.Testcases.UserTestcases" name="testGetUser" time="1.570"/>
  <system-out/>
  <testcase classname="api.Testcases.UserTestcases" name="testUpdateUser" time="2.445"/>
  <system-out/>
  <testcase classname="api.Testcases.UserTestcases" name="testdeleteUser" time="1.416"/>
  <system-out/>
</testsuite> <!-- api.Testcases.UserTestcases -->
