<?xml version="1.0" encoding="UTF-8"?>
<!-- Generated by org.testng.reporters.JUnitReportReporter -->
<testsuite hostname="GauriShankar" failures="0" tests="1" name="tests.Test_GET" time="4.572" errors="0" timestamp="2024-07-14T03:13:27 IST" skipped="0">
  <testcase classname="tests.Test_GET" name="Test_1" time="4.572"/>
</testsuite> <!-- tests.Test_GET -->
