<?xml version="1.0" encoding="UTF-8"?>
<!-- Generated by org.testng.reporters.JUnitReportReporter -->
<testsuite hostname="GauriShankar" failures="0" tests="1" name="tests.Test_POST" time="4.276" errors="0" timestamp="2024-07-14T04:23:33 IST" skipped="0">
  <testcase classname="tests.Test_POST" name="Test_1" time="4.276"/>
</testsuite> <!-- tests.Test_POST -->
