<?xml version="1.0" encoding="UTF-8"?>
<!-- Generated by org.testng.reporters.JUnitReportReporter -->
<testsuite hostname="GauriShankar" failures="0" tests="1" name="tests.Test_DELETE" time="3.811" errors="0" timestamp="2024-07-14T04:23:55 IST" skipped="0">
  <testcase classname="tests.Test_DELETE" name="Test_1" time="3.811"/>
</testsuite> <!-- tests.Test_DELETE -->
